<?xml version="1.0" encoding="UTF-8"?>
<!-- Generated by org.testng.reporters.JUnitReportReporter -->
<testsuite hostname="LAPTOP-VVVHD96G" failures="0" tests="1" name="com.orangeHRMLive.qa.testcases.AssignLeavePageTest" time="15.749" errors="0" timestamp="2021-11-15T00:09:18 IST" skipped="0">
  <testcase classname="com.orangeHRMLive.qa.testcases.AssignLeavePageTest" name="veryfyAssignmentLeaveLebel" time="15.749"/>
  <system-out/>
</testsuite> <!-- com.orangeHRMLive.qa.testcases.AssignLeavePageTest -->
