<?xml version="1.0" encoding="UTF-8"?>
<!-- Generated by org.testng.reporters.JUnitReportReporter -->
<testsuite hostname="LAPTOP-VVVHD96G" failures="0" tests="4" name="com.orangeHRMLive.qa.testcases.DashboardPageTest" time="56.640" errors="0" timestamp="2021-11-15T00:09:18 IST" skipped="0">
  <testcase classname="com.orangeHRMLive.qa.testcases.DashboardPageTest" name="verifyCorrectLandingHomePage" time="14.487"/>
  <system-out/>
  <testcase classname="com.orangeHRMLive.qa.testcases.DashboardPageTest" name="verifyNotAssignedToSubunits" time="13.171"/>
  <system-out/>
  <testcase classname="com.orangeHRMLive.qa.testcases.DashboardPageTest" name="verifyAdministration" time="13.776"/>
  <system-out/>
  <testcase classname="com.orangeHRMLive.qa.testcases.DashboardPageTest" name="signOut" time="15.206"/>
  <system-out/>
</testsuite> <!-- com.orangeHRMLive.qa.testcases.DashboardPageTest -->
